<?xml version="1.0" encoding="UTF-8" ?>
<testsuite tests="9" failures="0" name="com.javapointers.CucumberTest" time="0.005" errors="0" skipped="0">
  <properties>
[...]
</properties>
  <testcase classname="| Isometrixsystem | txtUsername | 1 | txtPassword | btnLoginSubmit | divPage | businesunit | global | Login |" name="Given I have launched the browser" time="0.003"/>
  <testcase classname="| Isometrixsystem | txtUsername | 1 | txtPassword | btnLoginSubmit | divPage | businesunit | global | Login |" name="When I enter txtUsername with ID Isometrixsystem" time="0"/>
  <testcase classname="| Isometrixsystem | txtUsername | 1 | txtPassword | btnLoginSubmit | divPage | businesunit | global | Login |" name="When I enter txtPassword with ID 1" time="0"/>
  <testcase classname="| Isometrixsystem | txtUsername | 1 | txtPassword | btnLoginSubmit | divPage | businesunit | global | Login |" name="When I click the btnLoginSubmit Button with ID" time="0"/>
  <testcase classname="| Isometrixsystem | txtUsername | 1 | txtPassword | btnLoginSubmit | divPage | businesunit | global | Login |" name="And I wait for the element to be visible" time="0"/>
  <testcase classname="| Isometrixsystem | txtUsername | 1 | txtPassword | btnLoginSubmit | divPage | businesunit | global | Login |" name="And I wait for the element to be visible" time="0"/>
  <testcase classname="| Isometrixsystem | txtUsername | 1 | txtPassword | btnLoginSubmit | divPage | businesunit | global | Login |" name="And I wait for the element to be visible" time="0"/>
  <testcase classname="| Isometrixsystem | txtUsername | 1 | txtPassword | btnLoginSubmit | divPage | businesunit | global | Login |" name="And I send the Report" time="0"/>
  <testcase classname="| Isometrixsystem | txtUsername | 1 | txtPassword | btnLoginSubmit | divPage | businesunit | global | Login |" name="| Isometrixsystem | txtUsername | 1 | txtPassword | btnLoginSubmit | divPage | businesunit | global | Login |" time="0.002"/>
</testsuite>